<?xml version="1.0" encoding="UTF-8"?>
<!-- Generated by org.testng.reporters.JUnitXMLReporter -->
<testsuite ignored="0" hostname="BINTERNS-QA15L" failures="0" tests="4" name="Surefire test" time="10.509" errors="0" timestamp="2023-04-20T15:31:26 IST">
  <testcase classname="LoginPage__test.SauceLogin_test" name="test1" time="0.159"/>
  <testcase classname="LoginPage__test.SauceLogin_test" name="test2" time="0.174"/>
  <testcase classname="LoginPage__test.SauceLogin_test" name="test3" time="0.208"/>
  <testcase classname="LoginPage__test.SauceLogin_test" name="test4" time="0.241"/>
</testsuite> <!-- Surefire test -->
