<?xml version="1.0" encoding="UTF-8"?>
<!-- Generated by org.testng.reporters.JUnitXMLReporter -->
<testsuite ignored="0" hostname="BINTERNS-QA15L" failures="0" tests="4" name="Default test" time="27.294" errors="0" timestamp="2023-04-19T18:15:38 IST">
  <testcase classname="LoginPage__test.SauceLogin_test" name="test1" time="0.205"/>
  <testcase classname="LoginPage__test.SauceLogin_test" name="test2" time="0.314"/>
  <testcase classname="LoginPage__test.SauceLogin_test" name="test3" time="1.101"/>
  <testcase classname="LoginPage__test.SauceLogin_test" name="test4" time="2.761"/>
</testsuite> <!-- Default test -->
