<?xml version="1.0" encoding="UTF-8"?>
<!-- Generated by org.testng.reporters.JUnitXMLReporter -->
<testsuite ignored="0" hostname="BINTERNS-QA15L" failures="0" tests="8" name="Test" time="5.066" errors="0" timestamp="2023-03-27T12:46:52 IST">
  <testcase classname="Project01.SauceLogin.MainClass" name="page" time="3.96"/>
  <testcase classname="Project01.SauceLogin.MainClass" name="Test1" time="0.061"/>
  <testcase classname="Project01.SauceLogin.MainClass" name="Test2" time="0.213"/>
  <testcase classname="Project01.SauceLogin.MainClass" name="Test3" time="0.173"/>
  <testcase classname="Project01.SauceLogin.MainClass" name="Test4" time="0.155"/>
  <testcase classname="Project01.SauceLogin.MainClass" name="Test5" time="0.148"/>
  <testcase classname="Project01.SauceLogin.MainClass" name="Test6" time="0.141"/>
  <testcase classname="Project01.SauceLogin.MainClass" name="Test7" time="0.189"/>
</testsuite> <!-- Test -->
