<?xml version="1.0" encoding="UTF-8"?>
<testng-results ignored="0" total="4" passed="4" failed="0" skipped="0">
  <reporter-output>
  </reporter-output>
  <suite started-at="2023-04-20T15:31:15 IST" name="Surefire suite" finished-at="2023-04-20T15:31:26 IST" duration-ms="10509">
    <groups>
    </groups>
    <test started-at="2023-04-20T15:31:15 IST" name="Surefire test" finished-at="2023-04-20T15:31:26 IST" duration-ms="10509">
      <class name="LoginPage__test.SauceLogin_test">
        <test-method is-config="true" signature="environmentSetup()[pri:0, instance:LoginPage__test.SauceLogin_test@11a9e7c8]" started-at="2023-04-20T15:31:15 IST" name="environmentSetup" finished-at="2023-04-20T15:31:18 IST" duration-ms="2788" status="PASS">
          <reporter-output>
          </reporter-output>
        </test-method> <!-- environmentSetup -->
        <test-method signature="test1()[pri:1, instance:LoginPage__test.SauceLogin_test@11a9e7c8]" started-at="2023-04-20T15:31:18 IST" name="test1" finished-at="2023-04-20T15:31:18 IST" duration-ms="159" status="PASS">
          <reporter-output>
          </reporter-output>
        </test-method> <!-- test1 -->
        <test-method is-config="true" signature="environmentSetup()[pri:0, instance:LoginPage__test.SauceLogin_test@11a9e7c8]" started-at="2023-04-20T15:31:18 IST" name="environmentSetup" finished-at="2023-04-20T15:31:21 IST" duration-ms="3022" status="PASS">
          <reporter-output>
          </reporter-output>
        </test-method> <!-- environmentSetup -->
        <test-method signature="test2()[pri:2, instance:LoginPage__test.SauceLogin_test@11a9e7c8]" started-at="2023-04-20T15:31:21 IST" name="test2" finished-at="2023-04-20T15:31:21 IST" duration-ms="174" status="PASS">
          <reporter-output>
          </reporter-output>
        </test-method> <!-- test2 -->
        <test-method is-config="true" signature="environmentSetup()[pri:0, instance:LoginPage__test.SauceLogin_test@11a9e7c8]" started-at="2023-04-20T15:31:21 IST" name="environmentSetup" finished-at="2023-04-20T15:31:23 IST" duration-ms="1946" status="PASS">
          <reporter-output>
          </reporter-output>
        </test-method> <!-- environmentSetup -->
        <test-method signature="test3()[pri:3, instance:LoginPage__test.SauceLogin_test@11a9e7c8]" started-at="2023-04-20T15:31:23 IST" name="test3" finished-at="2023-04-20T15:31:24 IST" duration-ms="208" status="PASS">
          <reporter-output>
          </reporter-output>
        </test-method> <!-- test3 -->
        <test-method is-config="true" signature="environmentSetup()[pri:0, instance:LoginPage__test.SauceLogin_test@11a9e7c8]" started-at="2023-04-20T15:31:24 IST" name="environmentSetup" finished-at="2023-04-20T15:31:26 IST" duration-ms="1937" status="PASS">
          <reporter-output>
          </reporter-output>
        </test-method> <!-- environmentSetup -->
        <test-method signature="test4()[pri:4, instance:LoginPage__test.SauceLogin_test@11a9e7c8]" started-at="2023-04-20T15:31:26 IST" name="test4" finished-at="2023-04-20T15:31:26 IST" duration-ms="241" status="PASS">
          <reporter-output>
          </reporter-output>
        </test-method> <!-- test4 -->
      </class> <!-- LoginPage__test.SauceLogin_test -->
    </test> <!-- Surefire test -->
  </suite> <!-- Surefire suite -->
</testng-results>
