<?xml version="1.0" encoding="UTF-8"?>
<testng-results ignored="0" total="4" passed="4" failed="0" skipped="0">
  <reporter-output>
  </reporter-output>
  <suite started-at="2023-04-19T18:15:11 IST" name="Default suite" finished-at="2023-04-19T18:15:38 IST" duration-ms="27294">
    <groups>
    </groups>
    <test started-at="2023-04-19T18:15:11 IST" name="Default test" finished-at="2023-04-19T18:15:38 IST" duration-ms="27294">
      <class name="LoginPage__test.SauceLogin_test">
        <test-method is-config="true" signature="environmentSetup()[pri:0, instance:LoginPage__test.SauceLogin_test@4738a206]" started-at="2023-04-19T18:15:11 IST" name="environmentSetup" finished-at="2023-04-19T18:15:15 IST" duration-ms="3995" status="PASS">
          <reporter-output>
          </reporter-output>
        </test-method> <!-- environmentSetup -->
        <test-method signature="test1()[pri:1, instance:LoginPage__test.SauceLogin_test@4738a206]" started-at="2023-04-19T18:15:15 IST" name="test1" finished-at="2023-04-19T18:15:15 IST" duration-ms="205" status="PASS">
          <reporter-output>
          </reporter-output>
        </test-method> <!-- test1 -->
        <test-method is-config="true" signature="environmentSetup()[pri:0, instance:LoginPage__test.SauceLogin_test@4738a206]" started-at="2023-04-19T18:15:15 IST" name="environmentSetup" finished-at="2023-04-19T18:15:17 IST" duration-ms="2488" status="PASS">
          <reporter-output>
          </reporter-output>
        </test-method> <!-- environmentSetup -->
        <test-method signature="test2()[pri:2, instance:LoginPage__test.SauceLogin_test@4738a206]" started-at="2023-04-19T18:15:17 IST" name="test2" finished-at="2023-04-19T18:15:18 IST" duration-ms="314" status="PASS">
          <reporter-output>
          </reporter-output>
        </test-method> <!-- test2 -->
        <test-method is-config="true" signature="environmentSetup()[pri:0, instance:LoginPage__test.SauceLogin_test@4738a206]" started-at="2023-04-19T18:15:18 IST" name="environmentSetup" finished-at="2023-04-19T18:15:25 IST" duration-ms="7525" status="PASS">
          <reporter-output>
          </reporter-output>
        </test-method> <!-- environmentSetup -->
        <test-method signature="test3()[pri:3, instance:LoginPage__test.SauceLogin_test@4738a206]" started-at="2023-04-19T18:15:25 IST" name="test3" finished-at="2023-04-19T18:15:26 IST" duration-ms="1101" status="PASS">
          <reporter-output>
          </reporter-output>
        </test-method> <!-- test3 -->
        <test-method is-config="true" signature="environmentSetup()[pri:0, instance:LoginPage__test.SauceLogin_test@4738a206]" started-at="2023-04-19T18:15:26 IST" name="environmentSetup" finished-at="2023-04-19T18:15:35 IST" duration-ms="8847" status="PASS">
          <reporter-output>
          </reporter-output>
        </test-method> <!-- environmentSetup -->
        <test-method signature="test4()[pri:4, instance:LoginPage__test.SauceLogin_test@4738a206]" started-at="2023-04-19T18:15:35 IST" name="test4" finished-at="2023-04-19T18:15:38 IST" duration-ms="2761" status="PASS">
          <reporter-output>
          </reporter-output>
        </test-method> <!-- test4 -->
      </class> <!-- LoginPage__test.SauceLogin_test -->
    </test> <!-- Default test -->
  </suite> <!-- Default suite -->
</testng-results>
